<?xml version="1.0" encoding="UTF-8"?>
<!-- Generated by org.testng.reporters.JUnitReportReporter -->
<testsuite hostname="Trayambkay" failures="0" tests="1" name="LearnSeleniumGrid.SeleniumGridHubNode" time="9.923" errors="0" timestamp="2023-12-01T11:54:57 IST" skipped="0">
  <testcase classname="LearnSeleniumGrid.SeleniumGridHubNode" name="HubNode" time="9.923"/>
</testsuite> <!-- LearnSeleniumGrid.SeleniumGridHubNode -->
